[2024-06-26T02:32:49.551+0000] {manager.py:469} INFO - Processing files using up to 2 processes at a time 
[2024-06-26T02:32:49.555+0000] {manager.py:470} INFO - Process each file at most once every 30 seconds
[2024-06-26T02:32:49.560+0000] {manager.py:471} INFO - Checking for new files in /opt/airflow/dags every 300 seconds
[2024-06-26T02:32:49.563+0000] {manager.py:738} INFO - Searching for files in /opt/airflow/dags
[2024-06-26T02:32:49.574+0000] {manager.py:741} INFO - There are 0 files in /opt/airflow/dags
[2024-06-26T02:37:49.915+0000] {manager.py:738} INFO - Searching for files in /opt/airflow/dags
[2024-06-26T02:37:49.931+0000] {manager.py:741} INFO - There are 0 files in /opt/airflow/dags
[2024-06-26T02:42:50.812+0000] {manager.py:738} INFO - Searching for files in /opt/airflow/dags
[2024-06-26T02:42:50.821+0000] {manager.py:741} INFO - There are 0 files in /opt/airflow/dags
[2024-06-26T02:47:51.345+0000] {manager.py:738} INFO - Searching for files in /opt/airflow/dags
[2024-06-26T02:47:51.349+0000] {manager.py:741} INFO - There are 0 files in /opt/airflow/dags
[2024-06-26T02:52:51.780+0000] {manager.py:738} INFO - Searching for files in /opt/airflow/dags
[2024-06-26T02:52:51.784+0000] {manager.py:741} INFO - There are 0 files in /opt/airflow/dags
[2024-06-26T02:57:52.202+0000] {manager.py:738} INFO - Searching for files in /opt/airflow/dags
[2024-06-26T02:57:52.207+0000] {manager.py:741} INFO - There are 0 files in /opt/airflow/dags
[2024-06-26T03:02:52.632+0000] {manager.py:738} INFO - Searching for files in /opt/airflow/dags
[2024-06-26T03:02:52.637+0000] {manager.py:741} INFO - There are 0 files in /opt/airflow/dags
[2024-06-26T03:07:53.082+0000] {manager.py:738} INFO - Searching for files in /opt/airflow/dags
[2024-06-26T03:07:53.086+0000] {manager.py:741} INFO - There are 0 files in /opt/airflow/dags
[2024-06-26T03:12:53.512+0000] {manager.py:738} INFO - Searching for files in /opt/airflow/dags
[2024-06-26T03:12:53.519+0000] {manager.py:741} INFO - There are 0 files in /opt/airflow/dags
[2024-06-26T03:17:53.933+0000] {manager.py:738} INFO - Searching for files in /opt/airflow/dags
[2024-06-26T03:17:53.938+0000] {manager.py:741} INFO - There are 0 files in /opt/airflow/dags
[2024-06-26T03:22:54.343+0000] {manager.py:738} INFO - Searching for files in /opt/airflow/dags
[2024-06-26T03:22:54.347+0000] {manager.py:741} INFO - There are 0 files in /opt/airflow/dags
[2024-06-26T03:27:54.774+0000] {manager.py:738} INFO - Searching for files in /opt/airflow/dags
[2024-06-26T03:27:54.780+0000] {manager.py:741} INFO - There are 0 files in /opt/airflow/dags
[2024-06-26T03:32:55.283+0000] {manager.py:738} INFO - Searching for files in /opt/airflow/dags
[2024-06-26T03:32:55.289+0000] {manager.py:741} INFO - There are 0 files in /opt/airflow/dags
[2024-06-26T03:37:55.786+0000] {manager.py:738} INFO - Searching for files in /opt/airflow/dags
[2024-06-26T03:37:55.791+0000] {manager.py:741} INFO - There are 0 files in /opt/airflow/dags
[2024-06-26T03:42:56.207+0000] {manager.py:738} INFO - Searching for files in /opt/airflow/dags
[2024-06-26T03:42:56.213+0000] {manager.py:741} INFO - There are 0 files in /opt/airflow/dags
[2024-06-26T03:47:56.632+0000] {manager.py:738} INFO - Searching for files in /opt/airflow/dags
[2024-06-26T03:47:56.637+0000] {manager.py:741} INFO - There are 0 files in /opt/airflow/dags
[2024-06-26T03:52:57.073+0000] {manager.py:738} INFO - Searching for files in /opt/airflow/dags
[2024-06-26T03:52:57.078+0000] {manager.py:741} INFO - There are 0 files in /opt/airflow/dags
[2024-06-26T03:57:57.579+0000] {manager.py:738} INFO - Searching for files in /opt/airflow/dags
[2024-06-26T03:57:57.586+0000] {manager.py:741} INFO - There are 0 files in /opt/airflow/dags
[2024-06-26T04:02:58.071+0000] {manager.py:738} INFO - Searching for files in /opt/airflow/dags
[2024-06-26T04:02:58.077+0000] {manager.py:741} INFO - There are 0 files in /opt/airflow/dags
[2024-06-26T04:07:58.537+0000] {manager.py:738} INFO - Searching for files in /opt/airflow/dags
[2024-06-26T04:07:58.542+0000] {manager.py:741} INFO - There are 0 files in /opt/airflow/dags
[2024-06-26T04:12:58.972+0000] {manager.py:738} INFO - Searching for files in /opt/airflow/dags
[2024-06-26T04:12:58.976+0000] {manager.py:741} INFO - There are 0 files in /opt/airflow/dags
[2024-06-26T04:17:59.473+0000] {manager.py:738} INFO - Searching for files in /opt/airflow/dags
[2024-06-26T04:17:59.480+0000] {manager.py:741} INFO - There are 0 files in /opt/airflow/dags
[2024-06-26T04:22:59.939+0000] {manager.py:738} INFO - Searching for files in /opt/airflow/dags
[2024-06-26T04:22:59.944+0000] {manager.py:741} INFO - There are 0 files in /opt/airflow/dags
[2024-06-26T04:28:00.369+0000] {manager.py:738} INFO - Searching for files in /opt/airflow/dags
[2024-06-26T04:28:00.374+0000] {manager.py:741} INFO - There are 0 files in /opt/airflow/dags
[2024-06-26T04:33:00.868+0000] {manager.py:738} INFO - Searching for files in /opt/airflow/dags
[2024-06-26T04:33:00.874+0000] {manager.py:741} INFO - There are 0 files in /opt/airflow/dags
[2024-06-26T04:38:01.349+0000] {manager.py:738} INFO - Searching for files in /opt/airflow/dags
[2024-06-26T04:38:01.354+0000] {manager.py:741} INFO - There are 0 files in /opt/airflow/dags
[2024-06-26T04:43:01.874+0000] {manager.py:738} INFO - Searching for files in /opt/airflow/dags
[2024-06-26T04:43:01.879+0000] {manager.py:741} INFO - There are 0 files in /opt/airflow/dags
[2024-06-26T04:48:02.432+0000] {manager.py:738} INFO - Searching for files in /opt/airflow/dags
[2024-06-26T04:48:02.437+0000] {manager.py:741} INFO - There are 0 files in /opt/airflow/dags
[2024-06-26T04:53:03.005+0000] {manager.py:738} INFO - Searching for files in /opt/airflow/dags
[2024-06-26T04:53:03.013+0000] {manager.py:741} INFO - There are 0 files in /opt/airflow/dags
[2024-06-26T04:58:03.524+0000] {manager.py:738} INFO - Searching for files in /opt/airflow/dags
[2024-06-26T04:58:03.571+0000] {manager.py:741} INFO - There are 0 files in /opt/airflow/dags
[2024-06-26T05:03:04.045+0000] {manager.py:738} INFO - Searching for files in /opt/airflow/dags
[2024-06-26T05:03:04.050+0000] {manager.py:741} INFO - There are 0 files in /opt/airflow/dags
[2024-06-26T05:08:04.544+0000] {manager.py:738} INFO - Searching for files in /opt/airflow/dags
[2024-06-26T05:08:04.548+0000] {manager.py:741} INFO - There are 0 files in /opt/airflow/dags
[2024-06-26T05:13:04.986+0000] {manager.py:738} INFO - Searching for files in /opt/airflow/dags
[2024-06-26T05:13:04.994+0000] {manager.py:741} INFO - There are 0 files in /opt/airflow/dags
[2024-06-26T05:18:05.418+0000] {manager.py:738} INFO - Searching for files in /opt/airflow/dags
[2024-06-26T05:18:05.423+0000] {manager.py:741} INFO - There are 0 files in /opt/airflow/dags
[2024-06-26T05:23:05.865+0000] {manager.py:738} INFO - Searching for files in /opt/airflow/dags
[2024-06-26T05:23:05.869+0000] {manager.py:741} INFO - There are 0 files in /opt/airflow/dags
[2024-06-26T05:28:06.325+0000] {manager.py:738} INFO - Searching for files in /opt/airflow/dags
[2024-06-26T05:28:06.330+0000] {manager.py:741} INFO - There are 0 files in /opt/airflow/dags
[2024-06-26T05:33:06.757+0000] {manager.py:738} INFO - Searching for files in /opt/airflow/dags
[2024-06-26T05:33:06.762+0000] {manager.py:741} INFO - There are 0 files in /opt/airflow/dags
[2024-06-26T05:38:07.196+0000] {manager.py:738} INFO - Searching for files in /opt/airflow/dags
[2024-06-26T05:38:07.199+0000] {manager.py:741} INFO - There are 0 files in /opt/airflow/dags
[2024-06-26T05:43:07.661+0000] {manager.py:738} INFO - Searching for files in /opt/airflow/dags
[2024-06-26T05:43:07.666+0000] {manager.py:741} INFO - There are 0 files in /opt/airflow/dags
[2024-06-26T05:48:08.221+0000] {manager.py:738} INFO - Searching for files in /opt/airflow/dags
[2024-06-26T05:48:08.228+0000] {manager.py:741} INFO - There are 0 files in /opt/airflow/dags
[2024-06-26T05:53:08.810+0000] {manager.py:738} INFO - Searching for files in /opt/airflow/dags
[2024-06-26T05:53:08.813+0000] {manager.py:741} INFO - There are 0 files in /opt/airflow/dags
[2024-06-26T05:58:09.315+0000] {manager.py:738} INFO - Searching for files in /opt/airflow/dags
[2024-06-26T05:58:09.320+0000] {manager.py:741} INFO - There are 0 files in /opt/airflow/dags
[2024-06-26T06:03:09.844+0000] {manager.py:738} INFO - Searching for files in /opt/airflow/dags
[2024-06-26T06:03:09.849+0000] {manager.py:741} INFO - There are 0 files in /opt/airflow/dags
[2024-06-26T06:08:10.282+0000] {manager.py:738} INFO - Searching for files in /opt/airflow/dags
[2024-06-26T06:08:10.286+0000] {manager.py:741} INFO - There are 0 files in /opt/airflow/dags
[2024-06-26T06:13:10.701+0000] {manager.py:738} INFO - Searching for files in /opt/airflow/dags
[2024-06-26T06:13:10.707+0000] {manager.py:741} INFO - There are 0 files in /opt/airflow/dags
[2024-06-26T06:18:11.185+0000] {manager.py:738} INFO - Searching for files in /opt/airflow/dags
[2024-06-26T06:18:11.190+0000] {manager.py:741} INFO - There are 0 files in /opt/airflow/dags
[2024-06-26T06:23:11.660+0000] {manager.py:738} INFO - Searching for files in /opt/airflow/dags
[2024-06-26T06:23:11.665+0000] {manager.py:741} INFO - There are 0 files in /opt/airflow/dags
[2024-06-26T06:28:12.304+0000] {manager.py:738} INFO - Searching for files in /opt/airflow/dags
[2024-06-26T06:28:12.310+0000] {manager.py:741} INFO - There are 0 files in /opt/airflow/dags
[2024-06-26T06:33:12.881+0000] {manager.py:738} INFO - Searching for files in /opt/airflow/dags
[2024-06-26T06:33:12.887+0000] {manager.py:741} INFO - There are 0 files in /opt/airflow/dags
[2024-06-26T06:38:13.403+0000] {manager.py:738} INFO - Searching for files in /opt/airflow/dags
[2024-06-26T06:38:13.407+0000] {manager.py:741} INFO - There are 0 files in /opt/airflow/dags
[2024-06-26T06:42:55.359+0000] {manager.py:451} INFO - Exiting gracefully upon receiving signal 15
[2024-06-26T06:44:41.241+0000] {manager.py:469} INFO - Processing files using up to 2 processes at a time 
[2024-06-26T06:44:41.244+0000] {manager.py:470} INFO - Process each file at most once every 30 seconds
[2024-06-26T06:44:41.246+0000] {manager.py:471} INFO - Checking for new files in /opt/airflow/dags every 300 seconds
[2024-06-26T06:44:41.249+0000] {manager.py:738} INFO - Searching for files in /opt/airflow/dags
[2024-06-26T06:44:41.265+0000] {manager.py:741} INFO - There are 0 files in /opt/airflow/dags
[2024-06-26T06:49:41.043+0000] {manager.py:451} INFO - Exiting gracefully upon receiving signal 15
[2024-06-26T13:09:47.613+0000] {manager.py:469} INFO - Processing files using up to 2 processes at a time 
[2024-06-26T13:09:47.615+0000] {manager.py:470} INFO - Process each file at most once every 30 seconds
[2024-06-26T13:09:47.616+0000] {manager.py:471} INFO - Checking for new files in /opt/airflow/dags every 300 seconds
[2024-06-26T13:09:47.618+0000] {manager.py:738} INFO - Searching for files in /opt/airflow/dags
[2024-06-26T13:09:47.623+0000] {manager.py:741} INFO - There are 0 files in /opt/airflow/dags
[2024-06-26T13:14:48.144+0000] {manager.py:738} INFO - Searching for files in /opt/airflow/dags
[2024-06-26T13:14:48.149+0000] {manager.py:741} INFO - There are 0 files in /opt/airflow/dags
[2024-06-26T13:19:48.688+0000] {manager.py:738} INFO - Searching for files in /opt/airflow/dags
[2024-06-26T13:19:48.693+0000] {manager.py:741} INFO - There are 0 files in /opt/airflow/dags
[2024-06-26T13:24:49.149+0000] {manager.py:738} INFO - Searching for files in /opt/airflow/dags
[2024-06-26T13:24:49.156+0000] {manager.py:741} INFO - There are 0 files in /opt/airflow/dags
[2024-06-26T13:29:49.585+0000] {manager.py:738} INFO - Searching for files in /opt/airflow/dags
[2024-06-26T13:29:49.591+0000] {manager.py:741} INFO - There are 0 files in /opt/airflow/dags
[2024-06-26T13:38:27.049+0000] {manager.py:469} INFO - Processing files using up to 2 processes at a time 
[2024-06-26T13:38:27.056+0000] {manager.py:470} INFO - Process each file at most once every 30 seconds
[2024-06-26T13:38:27.058+0000] {manager.py:471} INFO - Checking for new files in /opt/airflow/dags every 300 seconds
[2024-06-26T13:38:27.060+0000] {manager.py:738} INFO - Searching for files in /opt/airflow/dags
[2024-06-26T13:38:27.068+0000] {manager.py:741} INFO - There are 0 files in /opt/airflow/dags
[2024-06-26T13:43:27.662+0000] {manager.py:738} INFO - Searching for files in /opt/airflow/dags
[2024-06-26T13:43:27.672+0000] {manager.py:741} INFO - There are 0 files in /opt/airflow/dags
[2024-06-26T13:48:28.197+0000] {manager.py:738} INFO - Searching for files in /opt/airflow/dags
[2024-06-26T13:48:28.203+0000] {manager.py:741} INFO - There are 0 files in /opt/airflow/dags
[2024-06-26T13:50:43.358+0000] {manager.py:451} INFO - Exiting gracefully upon receiving signal 15
[2024-06-26T13:54:46.892+0000] {manager.py:469} INFO - Processing files using up to 2 processes at a time 
[2024-06-26T13:54:46.957+0000] {manager.py:470} INFO - Process each file at most once every 30 seconds
[2024-06-26T13:54:46.976+0000] {manager.py:471} INFO - Checking for new files in /opt/airflow/dags every 300 seconds
[2024-06-26T13:54:46.988+0000] {manager.py:738} INFO - Searching for files in /opt/airflow/dags
[2024-06-26T13:54:47.044+0000] {manager.py:741} INFO - There are 0 files in /opt/airflow/dags
[2024-06-26T13:59:47.829+0000] {manager.py:738} INFO - Searching for files in /opt/airflow/dags
[2024-06-26T13:59:47.840+0000] {manager.py:741} INFO - There are 0 files in /opt/airflow/dags
[2024-06-26T14:04:48.409+0000] {manager.py:738} INFO - Searching for files in /opt/airflow/dags
[2024-06-26T14:04:48.415+0000] {manager.py:741} INFO - There are 0 files in /opt/airflow/dags
[2024-06-26T14:09:49.065+0000] {manager.py:738} INFO - Searching for files in /opt/airflow/dags
[2024-06-26T14:09:49.072+0000] {manager.py:741} INFO - There are 0 files in /opt/airflow/dags
[2024-06-26T14:14:24.684+0000] {manager.py:451} INFO - Exiting gracefully upon receiving signal 15
[2024-06-26T14:16:06.760+0000] {manager.py:469} INFO - Processing files using up to 2 processes at a time 
[2024-06-26T14:16:06.763+0000] {manager.py:470} INFO - Process each file at most once every 30 seconds
[2024-06-26T14:16:06.764+0000] {manager.py:471} INFO - Checking for new files in /opt/airflow/dags every 300 seconds
[2024-06-26T14:16:06.766+0000] {manager.py:738} INFO - Searching for files in /opt/airflow/dags
[2024-06-26T14:16:06.775+0000] {manager.py:741} INFO - There are 0 files in /opt/airflow/dags
[2024-06-26T14:18:24.219+0000] {manager.py:451} INFO - Exiting gracefully upon receiving signal 15
[2024-06-26T15:15:11.632+0000] {manager.py:469} INFO - Processing files using up to 2 processes at a time 
[2024-06-26T15:15:11.638+0000] {manager.py:470} INFO - Process each file at most once every 30 seconds
[2024-06-26T15:15:11.640+0000] {manager.py:471} INFO - Checking for new files in /opt/airflow/dags every 300 seconds
[2024-06-26T15:15:11.643+0000] {manager.py:738} INFO - Searching for files in /opt/airflow/dags
[2024-06-26T15:15:11.651+0000] {manager.py:741} INFO - There are 0 files in /opt/airflow/dags
[2024-06-26T15:20:12.371+0000] {manager.py:738} INFO - Searching for files in /opt/airflow/dags
[2024-06-26T15:20:12.379+0000] {manager.py:741} INFO - There are 0 files in /opt/airflow/dags
[2024-06-26T15:25:12.959+0000] {manager.py:738} INFO - Searching for files in /opt/airflow/dags
[2024-06-26T15:25:12.965+0000] {manager.py:741} INFO - There are 0 files in /opt/airflow/dags
[2024-06-26T15:30:13.450+0000] {manager.py:738} INFO - Searching for files in /opt/airflow/dags
[2024-06-26T15:30:13.511+0000] {manager.py:741} INFO - There are 0 files in /opt/airflow/dags
[2024-06-26T15:35:14.008+0000] {manager.py:738} INFO - Searching for files in /opt/airflow/dags
[2024-06-26T15:35:14.030+0000] {manager.py:741} INFO - There are 0 files in /opt/airflow/dags
[2024-06-26T15:40:14.568+0000] {manager.py:738} INFO - Searching for files in /opt/airflow/dags
[2024-06-26T15:40:14.574+0000] {manager.py:741} INFO - There are 0 files in /opt/airflow/dags
[2024-06-26T15:45:15.123+0000] {manager.py:738} INFO - Searching for files in /opt/airflow/dags
[2024-06-26T15:45:15.129+0000] {manager.py:741} INFO - There are 0 files in /opt/airflow/dags
[2024-06-26T15:50:15.673+0000] {manager.py:738} INFO - Searching for files in /opt/airflow/dags
[2024-06-26T15:50:15.681+0000] {manager.py:741} INFO - There are 0 files in /opt/airflow/dags
[2024-06-26T15:55:16.313+0000] {manager.py:738} INFO - Searching for files in /opt/airflow/dags
[2024-06-26T15:55:16.324+0000] {manager.py:741} INFO - There are 0 files in /opt/airflow/dags
[2024-06-26T16:00:16.983+0000] {manager.py:738} INFO - Searching for files in /opt/airflow/dags
[2024-06-26T16:00:16.991+0000] {manager.py:741} INFO - There are 0 files in /opt/airflow/dags
[2024-06-26T16:05:17.531+0000] {manager.py:738} INFO - Searching for files in /opt/airflow/dags
[2024-06-26T16:05:17.568+0000] {manager.py:741} INFO - There are 1 files in /opt/airflow/dags
[2024-06-26T16:05:27.847+0000] {manager.py:879} INFO - 
================================================================================
DAG File Processing Stats

File Path                                   PID    Runtime      # DAGs    # Errors  Last Runtime    Last Run
------------------------------------------  -----  ---------  --------  ----------  --------------  -------------------
/opt/airflow/dags/dag_sentimentanalysis.py                           0           1  2.49s           2024-06-26T16:05:20
================================================================================
[2024-06-26T16:05:58.013+0000] {manager.py:879} INFO - 
================================================================================
DAG File Processing Stats

File Path                                   PID    Runtime      # DAGs    # Errors  Last Runtime    Last Run
------------------------------------------  -----  ---------  --------  ----------  --------------  -------------------
/opt/airflow/dags/dag_sentimentanalysis.py                           0           1  0.57s           2024-06-26T16:05:50
================================================================================
[2024-06-26T16:06:28.602+0000] {manager.py:879} INFO - 
================================================================================
DAG File Processing Stats

File Path                                   PID    Runtime      # DAGs    # Errors  Last Runtime    Last Run
------------------------------------------  -----  ---------  --------  ----------  --------------  -------------------
/opt/airflow/dags/dag_sentimentanalysis.py                           0           1  0.58s           2024-06-26T16:06:21
================================================================================
[2024-06-26T16:06:58.982+0000] {manager.py:879} INFO - 
================================================================================
DAG File Processing Stats

File Path                                   PID    Runtime      # DAGs    # Errors  Last Runtime    Last Run
------------------------------------------  -----  ---------  --------  ----------  --------------  -------------------
/opt/airflow/dags/dag_sentimentanalysis.py                           0           1  0.55s           2024-06-26T16:06:52
================================================================================
[2024-06-26T16:07:29.306+0000] {manager.py:879} INFO - 
================================================================================
DAG File Processing Stats

File Path                                   PID    Runtime      # DAGs    # Errors  Last Runtime    Last Run
------------------------------------------  -----  ---------  --------  ----------  --------------  -------------------
/opt/airflow/dags/dag_sentimentanalysis.py                           0           1  0.68s           2024-06-26T16:07:23
================================================================================
[2024-06-26T16:07:59.559+0000] {manager.py:879} INFO - 
================================================================================
DAG File Processing Stats

File Path                                   PID    Runtime      # DAGs    # Errors  Last Runtime    Last Run
------------------------------------------  -----  ---------  --------  ----------  --------------  -------------------
/opt/airflow/dags/dag_sentimentanalysis.py                           0           1  0.52s           2024-06-26T16:07:53
================================================================================
[2024-06-26T16:08:29.727+0000] {manager.py:879} INFO - 
================================================================================
DAG File Processing Stats

File Path                                   PID    Runtime      # DAGs    # Errors  Last Runtime    Last Run
------------------------------------------  -----  ---------  --------  ----------  --------------  -------------------
/opt/airflow/dags/dag_sentimentanalysis.py                           0           1  0.55s           2024-06-26T16:08:24
================================================================================
[2024-06-26T16:08:59.870+0000] {manager.py:879} INFO - 
================================================================================
DAG File Processing Stats

File Path                                   PID    Runtime      # DAGs    # Errors  Last Runtime    Last Run
------------------------------------------  -----  ---------  --------  ----------  --------------  -------------------
/opt/airflow/dags/dag_sentimentanalysis.py                           0           1  0.94s           2024-06-26T16:08:55
================================================================================
[2024-06-26T16:09:30.157+0000] {manager.py:879} INFO - 
================================================================================
DAG File Processing Stats

File Path                                   PID    Runtime      # DAGs    # Errors  Last Runtime    Last Run
------------------------------------------  -----  ---------  --------  ----------  --------------  -------------------
/opt/airflow/dags/dag_sentimentanalysis.py                           0           1  0.51s           2024-06-26T16:09:26
================================================================================
[2024-06-26T16:10:00.326+0000] {manager.py:879} INFO - 
================================================================================
DAG File Processing Stats

File Path                                   PID    Runtime      # DAGs    # Errors  Last Runtime    Last Run
------------------------------------------  -----  ---------  --------  ----------  --------------  -------------------
/opt/airflow/dags/dag_sentimentanalysis.py                           0           1  0.60s           2024-06-26T16:09:57
================================================================================
[2024-06-26T16:10:17.820+0000] {manager.py:738} INFO - Searching for files in /opt/airflow/dags
[2024-06-26T16:10:17.849+0000] {manager.py:741} INFO - There are 1 files in /opt/airflow/dags
[2024-06-26T16:10:30.948+0000] {manager.py:879} INFO - 
================================================================================
DAG File Processing Stats

File Path                                   PID    Runtime      # DAGs    # Errors  Last Runtime    Last Run
------------------------------------------  -----  ---------  --------  ----------  --------------  -------------------
/opt/airflow/dags/dag_sentimentanalysis.py                           0           1  0.54s           2024-06-26T16:10:28
================================================================================
[2024-06-26T16:11:01.214+0000] {manager.py:879} INFO - 
================================================================================
DAG File Processing Stats

File Path                                   PID    Runtime      # DAGs    # Errors  Last Runtime    Last Run
------------------------------------------  -----  ---------  --------  ----------  --------------  -------------------
/opt/airflow/dags/dag_sentimentanalysis.py                           0           1  0.48s           2024-06-26T16:10:58
================================================================================
[2024-06-26T16:11:31.388+0000] {manager.py:879} INFO - 
================================================================================
DAG File Processing Stats

File Path                                   PID    Runtime      # DAGs    # Errors  Last Runtime    Last Run
------------------------------------------  -----  ---------  --------  ----------  --------------  -------------------
/opt/airflow/dags/dag_sentimentanalysis.py                           0           1  0.57s           2024-06-26T16:11:29
================================================================================
[2024-06-26T16:12:01.595+0000] {manager.py:879} INFO - 
================================================================================
DAG File Processing Stats

File Path                                   PID    Runtime      # DAGs    # Errors  Last Runtime    Last Run
------------------------------------------  -----  ---------  --------  ----------  --------------  -------------------
/opt/airflow/dags/dag_sentimentanalysis.py                           0           1  0.49s           2024-06-26T16:12:00
================================================================================
[2024-06-26T16:12:31.778+0000] {manager.py:879} INFO - 
================================================================================
DAG File Processing Stats

File Path                                   PID    Runtime      # DAGs    # Errors  Last Runtime    Last Run
------------------------------------------  -----  ---------  --------  ----------  --------------  -------------------
/opt/airflow/dags/dag_sentimentanalysis.py                           0           1  0.63s           2024-06-26T16:12:30
================================================================================
[2024-06-26T16:13:02.176+0000] {manager.py:879} INFO - 
================================================================================
DAG File Processing Stats

File Path                                   PID    Runtime      # DAGs    # Errors  Last Runtime    Last Run
------------------------------------------  -----  ---------  --------  ----------  --------------  -------------------
/opt/airflow/dags/dag_sentimentanalysis.py                           0           1  0.46s           2024-06-26T16:13:01
================================================================================
[2024-06-26T16:13:32.359+0000] {manager.py:879} INFO - 
================================================================================
DAG File Processing Stats

File Path                                   PID    Runtime      # DAGs    # Errors  Last Runtime    Last Run
------------------------------------------  -----  ---------  --------  ----------  --------------  -------------------
/opt/airflow/dags/dag_sentimentanalysis.py                           0           1  0.71s           2024-06-26T16:13:32
================================================================================
[2024-06-26T16:14:02.547+0000] {manager.py:879} INFO - 
================================================================================
DAG File Processing Stats

File Path                                     PID  Runtime      # DAGs    # Errors  Last Runtime    Last Run
------------------------------------------  -----  ---------  --------  ----------  --------------  -------------------
/opt/airflow/dags/dag_sentimentanalysis.py    301  0.00s             0           1  0.71s           2024-06-26T16:13:32
================================================================================
[2024-06-26T16:14:32.996+0000] {manager.py:879} INFO - 
================================================================================
DAG File Processing Stats

File Path                                   PID    Runtime      # DAGs    # Errors  Last Runtime    Last Run
------------------------------------------  -----  ---------  --------  ----------  --------------  -------------------
/opt/airflow/dags/dag_sentimentanalysis.py                           0           1  0.51s           2024-06-26T16:14:03
================================================================================
[2024-06-26T16:15:03.427+0000] {manager.py:879} INFO - 
================================================================================
DAG File Processing Stats

File Path                                   PID    Runtime      # DAGs    # Errors  Last Runtime    Last Run
------------------------------------------  -----  ---------  --------  ----------  --------------  -------------------
/opt/airflow/dags/dag_sentimentanalysis.py                           0           1  0.50s           2024-06-26T16:14:33
================================================================================
[2024-06-26T16:15:18.002+0000] {manager.py:738} INFO - Searching for files in /opt/airflow/dags
[2024-06-26T16:15:18.076+0000] {manager.py:741} INFO - There are 1 files in /opt/airflow/dags
[2024-06-26T16:15:33.589+0000] {manager.py:879} INFO - 
================================================================================
DAG File Processing Stats

File Path                                   PID    Runtime      # DAGs    # Errors  Last Runtime    Last Run
------------------------------------------  -----  ---------  --------  ----------  --------------  -------------------
/opt/airflow/dags/dag_sentimentanalysis.py                           0           1  0.48s           2024-06-26T16:15:04
================================================================================
[2024-06-26T16:16:03.795+0000] {manager.py:879} INFO - 
================================================================================
DAG File Processing Stats

File Path                                   PID    Runtime      # DAGs    # Errors  Last Runtime    Last Run
------------------------------------------  -----  ---------  --------  ----------  --------------  -------------------
/opt/airflow/dags/dag_sentimentanalysis.py                           0           1  0.51s           2024-06-26T16:15:35
================================================================================
[2024-06-26T16:16:33.974+0000] {manager.py:879} INFO - 
================================================================================
DAG File Processing Stats

File Path                                   PID    Runtime      # DAGs    # Errors  Last Runtime    Last Run
------------------------------------------  -----  ---------  --------  ----------  --------------  -------------------
/opt/airflow/dags/dag_sentimentanalysis.py                           0           1  0.59s           2024-06-26T16:16:05
================================================================================
[2024-06-26T16:17:04.251+0000] {manager.py:879} INFO - 
================================================================================
DAG File Processing Stats

File Path                                   PID    Runtime      # DAGs    # Errors  Last Runtime    Last Run
------------------------------------------  -----  ---------  --------  ----------  --------------  -------------------
/opt/airflow/dags/dag_sentimentanalysis.py                           0           1  0.58s           2024-06-26T16:16:36
================================================================================
[2024-06-26T16:17:34.412+0000] {manager.py:879} INFO - 
================================================================================
DAG File Processing Stats

File Path                                   PID    Runtime      # DAGs    # Errors  Last Runtime    Last Run
------------------------------------------  -----  ---------  --------  ----------  --------------  -------------------
/opt/airflow/dags/dag_sentimentanalysis.py                           0           1  0.46s           2024-06-26T16:17:07
================================================================================
[2024-06-26T16:18:05.147+0000] {manager.py:879} INFO - 
================================================================================
DAG File Processing Stats

File Path                                   PID    Runtime      # DAGs    # Errors  Last Runtime    Last Run
------------------------------------------  -----  ---------  --------  ----------  --------------  -------------------
/opt/airflow/dags/dag_sentimentanalysis.py                           0           1  0.69s           2024-06-26T16:17:38
================================================================================
[2024-06-26T16:18:35.501+0000] {manager.py:879} INFO - 
================================================================================
DAG File Processing Stats

File Path                                   PID    Runtime      # DAGs    # Errors  Last Runtime    Last Run
------------------------------------------  -----  ---------  --------  ----------  --------------  -------------------
/opt/airflow/dags/dag_sentimentanalysis.py                           0           1  0.59s           2024-06-26T16:18:08
================================================================================
[2024-06-26T16:19:05.686+0000] {manager.py:879} INFO - 
================================================================================
DAG File Processing Stats

File Path                                   PID    Runtime      # DAGs    # Errors  Last Runtime    Last Run
------------------------------------------  -----  ---------  --------  ----------  --------------  -------------------
/opt/airflow/dags/dag_sentimentanalysis.py                           0           1  0.56s           2024-06-26T16:18:39
================================================================================
[2024-06-26T16:19:35.889+0000] {manager.py:879} INFO - 
================================================================================
DAG File Processing Stats

File Path                                   PID    Runtime      # DAGs    # Errors  Last Runtime    Last Run
------------------------------------------  -----  ---------  --------  ----------  --------------  -------------------
/opt/airflow/dags/dag_sentimentanalysis.py                           0           1  0.62s           2024-06-26T16:19:10
================================================================================
[2024-06-26T16:20:06.125+0000] {manager.py:879} INFO - 
================================================================================
DAG File Processing Stats

File Path                                   PID    Runtime      # DAGs    # Errors  Last Runtime    Last Run
------------------------------------------  -----  ---------  --------  ----------  --------------  -------------------
/opt/airflow/dags/dag_sentimentanalysis.py                           0           1  0.43s           2024-06-26T16:19:40
================================================================================
[2024-06-26T16:20:18.004+0000] {manager.py:738} INFO - Searching for files in /opt/airflow/dags
[2024-06-26T16:20:18.028+0000] {manager.py:741} INFO - There are 1 files in /opt/airflow/dags
[2024-06-26T16:20:36.159+0000] {manager.py:879} INFO - 
================================================================================
DAG File Processing Stats

File Path                                   PID    Runtime      # DAGs    # Errors  Last Runtime    Last Run
------------------------------------------  -----  ---------  --------  ----------  --------------  -------------------
/opt/airflow/dags/dag_sentimentanalysis.py                           0           1  0.75s           2024-06-26T16:20:11
================================================================================
